This file contains any messages produced by compilers while
running configure, to aid debugging if configure makes a mistake.

It was created by metachain configure 1, which was
generated by GNU Autoconf 2.69.  Invocation command line was

  $ ./configure --enable-debug

## --------- ##
## Platform. ##
## --------- ##

hostname = out.trustchaintechnologies.io
uname -m = x86_64
uname -r = 3.10.0-514.26.2.el7.x86_64
uname -s = Linux
uname -v = #1 SMP Tue Jul 4 15:04:05 UTC 2017

/usr/bin/uname -p = x86_64
/bin/uname -X     = unknown

/bin/arch              = x86_64
/usr/bin/arch -k       = unknown
/usr/convex/getsysinfo = unknown
/usr/bin/hostinfo      = unknown
/bin/machine           = unknown
/usr/bin/oslevel       = unknown
/bin/universe          = unknown

PATH: /opt/rh/devtoolset-6/root/usr/bin
PATH: /usr/local/sbin
PATH: /usr/local/bin
PATH: /usr/sbin
PATH: /usr/bin
PATH: /root/bin


## ----------- ##
## Core tests. ##
## ----------- ##

configure:2465: checking for a BSD-compatible install
configure:2533: result: /usr/bin/install -c
configure:2544: checking whether build environment is sane
configure:2599: result: yes
configure:2750: checking for a thread-safe mkdir -p
configure:2789: result: /usr/bin/mkdir -p
configure:2796: checking for gawk
configure:2812: found /usr/bin/gawk
configure:2823: result: gawk
configure:2834: checking whether make sets $(MAKE)
configure:2856: result: yes
configure:2885: checking whether make supports nested variables
configure:2902: result: yes
configure:3003: checking for style of include used by make
configure:3031: result: GNU
configure:3112: checking for g++
configure:3128: found /opt/rh/devtoolset-6/root/usr/bin/g++
configure:3139: result: g++
configure:3166: checking for C++ compiler version
configure:3175: g++ --version >&5
g++ (GCC) 6.2.1 20160916 (Red Hat 6.2.1-3)
Copyright (C) 2016 Free Software Foundation, Inc.
This is free software; see the source for copying conditions.  There is NO
warranty; not even for MERCHANTABILITY or FITNESS FOR A PARTICULAR PURPOSE.

configure:3186: $? = 0
configure:3175: g++ -v >&5
Using built-in specs.
COLLECT_GCC=g++
COLLECT_LTO_WRAPPER=/opt/rh/devtoolset-6/root/usr/libexec/gcc/x86_64-redhat-linux/6.2.1/lto-wrapper
Target: x86_64-redhat-linux
Configured with: ../configure --enable-bootstrap --enable-languages=c,c++,fortran,lto --prefix=/opt/rh/devtoolset-6/root/usr --mandir=/opt/rh/devtoolset-6/root/usr/share/man --infodir=/opt/rh/devtoolset-6/root/usr/share/info --with-bugurl=http://bugzilla.redhat.com/bugzilla --enable-shared --enable-threads=posix --enable-checking=release --enable-multilib --with-system-zlib --enable-__cxa_atexit --disable-libunwind-exceptions --enable-gnu-unique-object --enable-linker-build-id --enable-plugin --with-linker-hash-style=gnu --enable-initfini-array --disable-libgcj --with-default-libstdcxx-abi=gcc4-compatible --with-isl=/builddir/build/BUILD/gcc-6.2.1-20160916/obj-x86_64-redhat-linux/isl-install --enable-libmpx --enable-gnu-indirect-function --with-tune=generic --with-arch_32=i686 --build=x86_64-redhat-linux
Thread model: posix
gcc version 6.2.1 20160916 (Red Hat 6.2.1-3) (GCC) 
configure:3186: $? = 0
configure:3175: g++ -V >&5
g++: error: unrecognized command line option '-V'
g++: fatal error: no input files
compilation terminated.
configure:3186: $? = 1
configure:3175: g++ -qversion >&5
g++: error: unrecognized command line option '-qversion'; did you mean '--version'?
g++: fatal error: no input files
compilation terminated.
configure:3186: $? = 1
configure:3206: checking whether the C++ compiler works
configure:3228: g++    conftest.cpp  >&5
configure:3232: $? = 0
configure:3280: result: yes
configure:3283: checking for C++ compiler default output file name
configure:3285: result: a.out
configure:3291: checking for suffix of executables
configure:3298: g++ -o conftest    conftest.cpp  >&5
configure:3302: $? = 0
configure:3324: result: 
configure:3346: checking whether we are cross compiling
configure:3354: g++ -o conftest    conftest.cpp  >&5
configure:3358: $? = 0
configure:3365: ./conftest
configure:3369: $? = 0
configure:3384: result: no
configure:3389: checking for suffix of object files
configure:3411: g++ -c   conftest.cpp >&5
configure:3415: $? = 0
configure:3436: result: o
configure:3440: checking whether we are using the GNU C++ compiler
configure:3459: g++ -c   conftest.cpp >&5
configure:3459: $? = 0
configure:3468: result: yes
configure:3477: checking whether g++ accepts -g
configure:3497: g++ -c -g  conftest.cpp >&5
configure:3497: $? = 0
configure:3538: result: yes
configure:3563: checking dependency style of g++
configure:3674: result: gcc3
configure:3694: checking how to run the C++ preprocessor
configure:3721: g++ -E  conftest.cpp
configure:3721: $? = 0
configure:3735: g++ -E  conftest.cpp
conftest.cpp:11:28: fatal error: ac_nonexistent.h: No such file or directory
 #include <ac_nonexistent.h>
                            ^
compilation terminated.
configure:3735: $? = 1
configure: failed program was:
| /* confdefs.h */
| #define PACKAGE_NAME "metachain"
| #define PACKAGE_TARNAME "metachain"
| #define PACKAGE_VERSION "1"
| #define PACKAGE_STRING "metachain 1"
| #define PACKAGE_BUGREPORT "office@trustchaintechnologies.io"
| #define PACKAGE_URL ""
| #define PACKAGE "metachain"
| #define VERSION "1"
| /* end confdefs.h.  */
| #include <ac_nonexistent.h>
configure:3760: result: g++ -E
configure:3780: g++ -E  conftest.cpp
configure:3780: $? = 0
configure:3794: g++ -E  conftest.cpp
conftest.cpp:11:28: fatal error: ac_nonexistent.h: No such file or directory
 #include <ac_nonexistent.h>
                            ^
compilation terminated.
configure:3794: $? = 1
configure: failed program was:
| /* confdefs.h */
| #define PACKAGE_NAME "metachain"
| #define PACKAGE_TARNAME "metachain"
| #define PACKAGE_VERSION "1"
| #define PACKAGE_STRING "metachain 1"
| #define PACKAGE_BUGREPORT "office@trustchaintechnologies.io"
| #define PACKAGE_URL ""
| #define PACKAGE "metachain"
| #define VERSION "1"
| /* end confdefs.h.  */
| #include <ac_nonexistent.h>
configure:3934: checking for C++ compiler version
configure:3943: g++ --version >&5
g++ (GCC) 6.2.1 20160916 (Red Hat 6.2.1-3)
Copyright (C) 2016 Free Software Foundation, Inc.
This is free software; see the source for copying conditions.  There is NO
warranty; not even for MERCHANTABILITY or FITNESS FOR A PARTICULAR PURPOSE.

configure:3954: $? = 0
configure:3943: g++ -v >&5
Using built-in specs.
COLLECT_GCC=g++
COLLECT_LTO_WRAPPER=/opt/rh/devtoolset-6/root/usr/libexec/gcc/x86_64-redhat-linux/6.2.1/lto-wrapper
Target: x86_64-redhat-linux
Configured with: ../configure --enable-bootstrap --enable-languages=c,c++,fortran,lto --prefix=/opt/rh/devtoolset-6/root/usr --mandir=/opt/rh/devtoolset-6/root/usr/share/man --infodir=/opt/rh/devtoolset-6/root/usr/share/info --with-bugurl=http://bugzilla.redhat.com/bugzilla --enable-shared --enable-threads=posix --enable-checking=release --enable-multilib --with-system-zlib --enable-__cxa_atexit --disable-libunwind-exceptions --enable-gnu-unique-object --enable-linker-build-id --enable-plugin --with-linker-hash-style=gnu --enable-initfini-array --disable-libgcj --with-default-libstdcxx-abi=gcc4-compatible --with-isl=/builddir/build/BUILD/gcc-6.2.1-20160916/obj-x86_64-redhat-linux/isl-install --enable-libmpx --enable-gnu-indirect-function --with-tune=generic --with-arch_32=i686 --build=x86_64-redhat-linux
Thread model: posix
gcc version 6.2.1 20160916 (Red Hat 6.2.1-3) (GCC) 
configure:3954: $? = 0
configure:3943: g++ -V >&5
g++: error: unrecognized command line option '-V'
g++: fatal error: no input files
compilation terminated.
configure:3954: $? = 1
configure:3943: g++ -qversion >&5
g++: error: unrecognized command line option '-qversion'; did you mean '--version'?
g++: fatal error: no input files
compilation terminated.
configure:3954: $? = 1
configure:3958: checking whether we are using the GNU C++ compiler
configure:3986: result: yes
configure:3995: checking whether g++ accepts -g
configure:4056: result: yes
configure:4081: checking dependency style of g++
configure:4192: result: gcc3
configure:4225: checking whether g++ supports C++11 features by default
configure:4519: g++ -c -g -O2  conftest.cpp >&5
configure:4519: $? = 0
configure:4526: result: yes
configure:4889: checking build system type
configure:4903: result: x86_64-pc-linux-gnu
configure:4923: checking host system type
configure:4936: result: x86_64-pc-linux-gnu
configure:5042: checking for pkg-config
configure:5060: found /usr/bin/pkg-config
configure:5072: result: /usr/bin/pkg-config
configure:5097: checking pkg-config is at least version 0.9.0
configure:5100: result: yes
configure:5135: checking for grep that handles long lines and -e
configure:5193: result: /usr/bin/grep
configure:5198: checking for egrep
configure:5260: result: /usr/bin/grep -E
configure:5265: checking for ANSI C header files
configure:5285: g++ -c -g -O2 -g3 -O0  -D_LINUX -D_DEBUG conftest.cpp >&5
configure:5285: $? = 0
configure:5358: g++ -o conftest -g -O2 -g3 -O0  -D_LINUX -D_DEBUG  conftest.cpp  >&5
configure:5358: $? = 0
configure:5358: ./conftest
configure:5358: $? = 0
configure:5369: result: yes
configure:5382: checking for sys/types.h
configure:5382: g++ -c -g -O2 -g3 -O0  -D_LINUX -D_DEBUG conftest.cpp >&5
configure:5382: $? = 0
configure:5382: result: yes
configure:5382: checking for sys/stat.h
configure:5382: g++ -c -g -O2 -g3 -O0  -D_LINUX -D_DEBUG conftest.cpp >&5
configure:5382: $? = 0
configure:5382: result: yes
configure:5382: checking for stdlib.h
configure:5382: g++ -c -g -O2 -g3 -O0  -D_LINUX -D_DEBUG conftest.cpp >&5
configure:5382: $? = 0
configure:5382: result: yes
configure:5382: checking for string.h
configure:5382: g++ -c -g -O2 -g3 -O0  -D_LINUX -D_DEBUG conftest.cpp >&5
configure:5382: $? = 0
configure:5382: result: yes
configure:5382: checking for memory.h
configure:5382: g++ -c -g -O2 -g3 -O0  -D_LINUX -D_DEBUG conftest.cpp >&5
configure:5382: $? = 0
configure:5382: result: yes
configure:5382: checking for strings.h
configure:5382: g++ -c -g -O2 -g3 -O0  -D_LINUX -D_DEBUG conftest.cpp >&5
configure:5382: $? = 0
configure:5382: result: yes
configure:5382: checking for inttypes.h
configure:5382: g++ -c -g -O2 -g3 -O0  -D_LINUX -D_DEBUG conftest.cpp >&5
configure:5382: $? = 0
configure:5382: result: yes
configure:5382: checking for stdint.h
configure:5382: g++ -c -g -O2 -g3 -O0  -D_LINUX -D_DEBUG conftest.cpp >&5
configure:5382: $? = 0
configure:5382: result: yes
configure:5382: checking for unistd.h
configure:5382: g++ -c -g -O2 -g3 -O0  -D_LINUX -D_DEBUG conftest.cpp >&5
configure:5382: $? = 0
configure:5382: result: yes
configure:5396: checking sys/socket.h usability
configure:5396: g++ -c -g -O2 -g3 -O0  -D_LINUX -D_DEBUG conftest.cpp >&5
configure:5396: $? = 0
configure:5396: result: yes
configure:5396: checking sys/socket.h presence
configure:5396: g++ -E  -D_LINUX -D_DEBUG conftest.cpp
configure:5396: $? = 0
configure:5396: result: yes
configure:5396: checking for sys/socket.h
configure:5396: result: yes
configure:5408: checking netinet/in.h usability
configure:5408: g++ -c -g -O2 -g3 -O0  -D_LINUX -D_DEBUG conftest.cpp >&5
configure:5408: $? = 0
configure:5408: result: yes
configure:5408: checking netinet/in.h presence
configure:5408: g++ -E  -D_LINUX -D_DEBUG conftest.cpp
configure:5408: $? = 0
configure:5408: result: yes
configure:5408: checking for netinet/in.h
configure:5408: result: yes
configure:5420: checking string usability
configure:5420: g++ -c -g -O2 -g3 -O0  -D_LINUX -D_DEBUG conftest.cpp >&5
configure:5420: $? = 0
configure:5420: result: yes
configure:5420: checking string presence
configure:5420: g++ -E  -D_LINUX -D_DEBUG conftest.cpp
configure:5420: $? = 0
configure:5420: result: yes
configure:5420: checking for string
configure:5420: result: yes
configure:5432: checking iostream usability
configure:5432: g++ -c -g -O2 -g3 -O0  -D_LINUX -D_DEBUG conftest.cpp >&5
configure:5432: $? = 0
configure:5432: result: yes
configure:5432: checking iostream presence
configure:5432: g++ -E  -D_LINUX -D_DEBUG conftest.cpp
configure:5432: $? = 0
configure:5432: result: yes
configure:5432: checking for iostream
configure:5432: result: yes
configure:5444: checking time.h usability
configure:5444: g++ -c -g -O2 -g3 -O0  -D_LINUX -D_DEBUG conftest.cpp >&5
configure:5444: $? = 0
configure:5444: result: yes
configure:5444: checking time.h presence
configure:5444: g++ -E  -D_LINUX -D_DEBUG conftest.cpp
configure:5444: $? = 0
configure:5444: result: yes
configure:5444: checking for time.h
configure:5444: result: yes
configure:5456: checking fstream usability
configure:5456: g++ -c -g -O2 -g3 -O0  -D_LINUX -D_DEBUG conftest.cpp >&5
configure:5456: $? = 0
configure:5456: result: yes
configure:5456: checking fstream presence
configure:5456: g++ -E  -D_LINUX -D_DEBUG conftest.cpp
configure:5456: $? = 0
configure:5456: result: yes
configure:5456: checking for fstream
configure:5456: result: yes
configure:5468: checking vector usability
configure:5468: g++ -c -g -O2 -g3 -O0  -D_LINUX -D_DEBUG conftest.cpp >&5
configure:5468: $? = 0
configure:5468: result: yes
configure:5468: checking vector presence
configure:5468: g++ -E  -D_LINUX -D_DEBUG conftest.cpp
configure:5468: $? = 0
configure:5468: result: yes
configure:5468: checking for vector
configure:5468: result: yes
configure:5480: checking map usability
configure:5480: g++ -c -g -O2 -g3 -O0  -D_LINUX -D_DEBUG conftest.cpp >&5
configure:5480: $? = 0
configure:5480: result: yes
configure:5480: checking map presence
configure:5480: g++ -E  -D_LINUX -D_DEBUG conftest.cpp
configure:5480: $? = 0
configure:5480: result: yes
configure:5480: checking for map
configure:5480: result: yes
configure:5492: checking for stdint.h
configure:5492: result: yes
configure:5504: checking limits usability
configure:5504: g++ -c -g -O2 -g3 -O0  -D_LINUX -D_DEBUG conftest.cpp >&5
configure:5504: $? = 0
configure:5504: result: yes
configure:5504: checking limits presence
configure:5504: g++ -E  -D_LINUX -D_DEBUG conftest.cpp
configure:5504: $? = 0
configure:5504: result: yes
configure:5504: checking for limits
configure:5504: result: yes
configure:5516: checking errno.h usability
configure:5516: g++ -c -g -O2 -g3 -O0  -D_LINUX -D_DEBUG conftest.cpp >&5
configure:5516: $? = 0
configure:5516: result: yes
configure:5516: checking errno.h presence
configure:5516: g++ -E  -D_LINUX -D_DEBUG conftest.cpp
configure:5516: $? = 0
configure:5516: result: yes
configure:5516: checking for errno.h
configure:5516: result: yes
configure:5528: checking atomic usability
configure:5528: g++ -c -g -O2 -g3 -O0  -D_LINUX -D_DEBUG conftest.cpp >&5
configure:5528: $? = 0
configure:5528: result: yes
configure:5528: checking atomic presence
configure:5528: g++ -E  -D_LINUX -D_DEBUG conftest.cpp
configure:5528: $? = 0
configure:5528: result: yes
configure:5528: checking for atomic
configure:5528: result: yes
configure:5540: checking chrono usability
configure:5540: g++ -c -g -O2 -g3 -O0  -D_LINUX -D_DEBUG conftest.cpp >&5
configure:5540: $? = 0
configure:5540: result: yes
configure:5540: checking chrono presence
configure:5540: g++ -E  -D_LINUX -D_DEBUG conftest.cpp
configure:5540: $? = 0
configure:5540: result: yes
configure:5540: checking for chrono
configure:5540: result: yes
configure:5552: checking mutex usability
configure:5552: g++ -c -g -O2 -g3 -O0  -D_LINUX -D_DEBUG conftest.cpp >&5
configure:5552: $? = 0
configure:5552: result: yes
configure:5552: checking mutex presence
configure:5552: g++ -E  -D_LINUX -D_DEBUG conftest.cpp
configure:5552: $? = 0
configure:5552: result: yes
configure:5552: checking for mutex
configure:5552: result: yes
configure:5564: checking thread usability
configure:5564: g++ -c -g -O2 -g3 -O0  -D_LINUX -D_DEBUG conftest.cpp >&5
configure:5564: $? = 0
configure:5564: result: yes
configure:5564: checking thread presence
configure:5564: g++ -E  -D_LINUX -D_DEBUG conftest.cpp
configure:5564: $? = 0
configure:5564: result: yes
configure:5564: checking for thread
configure:5564: result: yes
configure:5576: checking queue usability
configure:5576: g++ -c -g -O2 -g3 -O0  -D_LINUX -D_DEBUG conftest.cpp >&5
configure:5576: $? = 0
configure:5576: result: yes
configure:5576: checking queue presence
configure:5576: g++ -E  -D_LINUX -D_DEBUG conftest.cpp
configure:5576: $? = 0
configure:5576: result: yes
configure:5576: checking for queue
configure:5576: result: yes
configure:5589: checking endian.h usability
configure:5589: g++ -c -g -O2 -g3 -O0  -D_LINUX -D_DEBUG conftest.cpp >&5
configure:5589: $? = 0
configure:5589: result: yes
configure:5589: checking endian.h presence
configure:5589: g++ -E  -D_LINUX -D_DEBUG conftest.cpp
configure:5589: $? = 0
configure:5589: result: yes
configure:5589: checking for endian.h
configure:5589: result: yes
configure:5589: checking sys/endian.h usability
configure:5589: g++ -c -g -O2 -g3 -O0  -D_LINUX -D_DEBUG conftest.cpp >&5
conftest.cpp:72:24: fatal error: sys/endian.h: No such file or directory
 #include <sys/endian.h>
                        ^
compilation terminated.
configure:5589: $? = 1
configure: failed program was:
| /* confdefs.h */
| #define PACKAGE_NAME "metachain"
| #define PACKAGE_TARNAME "metachain"
| #define PACKAGE_VERSION "1"
| #define PACKAGE_STRING "metachain 1"
| #define PACKAGE_BUGREPORT "office@trustchaintechnologies.io"
| #define PACKAGE_URL ""
| #define PACKAGE "metachain"
| #define VERSION "1"
| #define HAVE_CXX11 1
| #define STDC_HEADERS 1
| #define HAVE_SYS_TYPES_H 1
| #define HAVE_SYS_STAT_H 1
| #define HAVE_STDLIB_H 1
| #define HAVE_STRING_H 1
| #define HAVE_MEMORY_H 1
| #define HAVE_STRINGS_H 1
| #define HAVE_INTTYPES_H 1
| #define HAVE_STDINT_H 1
| #define HAVE_UNISTD_H 1
| #define HAVE_SYS_SOCKET_H 1
| #define HAVE_NETINET_IN_H 1
| #define HAVE_STRING 1
| #define HAVE_IOSTREAM 1
| #define HAVE_TIME_H 1
| #define HAVE_FSTREAM 1
| #define HAVE_VECTOR 1
| #define HAVE_MAP 1
| #define HAVE_STDINT_H 1
| #define HAVE_LIMITS 1
| #define HAVE_ERRNO_H 1
| #define HAVE_ATOMIC 1
| #define HAVE_CHRONO 1
| #define HAVE_MUTEX 1
| #define HAVE_THREAD 1
| #define HAVE_QUEUE 1
| #define HAVE_ENDIAN_H 1
| /* end confdefs.h.  */
| #include <stdio.h>
| #ifdef HAVE_SYS_TYPES_H
| # include <sys/types.h>
| #endif
| #ifdef HAVE_SYS_STAT_H
| # include <sys/stat.h>
| #endif
| #ifdef STDC_HEADERS
| # include <stdlib.h>
| # include <stddef.h>
| #else
| # ifdef HAVE_STDLIB_H
| #  include <stdlib.h>
| # endif
| #endif
| #ifdef HAVE_STRING_H
| # if !defined STDC_HEADERS && defined HAVE_MEMORY_H
| #  include <memory.h>
| # endif
| # include <string.h>
| #endif
| #ifdef HAVE_STRINGS_H
| # include <strings.h>
| #endif
| #ifdef HAVE_INTTYPES_H
| # include <inttypes.h>
| #endif
| #ifdef HAVE_STDINT_H
| # include <stdint.h>
| #endif
| #ifdef HAVE_UNISTD_H
| # include <unistd.h>
| #endif
| #include <sys/endian.h>
configure:5589: result: no
configure:5589: checking sys/endian.h presence
configure:5589: g++ -E  -D_LINUX -D_DEBUG conftest.cpp
conftest.cpp:39:24: fatal error: sys/endian.h: No such file or directory
 #include <sys/endian.h>
                        ^
compilation terminated.
configure:5589: $? = 1
configure: failed program was:
| /* confdefs.h */
| #define PACKAGE_NAME "metachain"
| #define PACKAGE_TARNAME "metachain"
| #define PACKAGE_VERSION "1"
| #define PACKAGE_STRING "metachain 1"
| #define PACKAGE_BUGREPORT "office@trustchaintechnologies.io"
| #define PACKAGE_URL ""
| #define PACKAGE "metachain"
| #define VERSION "1"
| #define HAVE_CXX11 1
| #define STDC_HEADERS 1
| #define HAVE_SYS_TYPES_H 1
| #define HAVE_SYS_STAT_H 1
| #define HAVE_STDLIB_H 1
| #define HAVE_STRING_H 1
| #define HAVE_MEMORY_H 1
| #define HAVE_STRINGS_H 1
| #define HAVE_INTTYPES_H 1
| #define HAVE_STDINT_H 1
| #define HAVE_UNISTD_H 1
| #define HAVE_SYS_SOCKET_H 1
| #define HAVE_NETINET_IN_H 1
| #define HAVE_STRING 1
| #define HAVE_IOSTREAM 1
| #define HAVE_TIME_H 1
| #define HAVE_FSTREAM 1
| #define HAVE_VECTOR 1
| #define HAVE_MAP 1
| #define HAVE_STDINT_H 1
| #define HAVE_LIMITS 1
| #define HAVE_ERRNO_H 1
| #define HAVE_ATOMIC 1
| #define HAVE_CHRONO 1
| #define HAVE_MUTEX 1
| #define HAVE_THREAD 1
| #define HAVE_QUEUE 1
| #define HAVE_ENDIAN_H 1
| /* end confdefs.h.  */
| #include <sys/endian.h>
configure:5589: result: no
configure:5589: checking for sys/endian.h
configure:5589: result: no
configure:5589: checking byteswap.h usability
configure:5589: g++ -c -g -O2 -g3 -O0  -D_LINUX -D_DEBUG conftest.cpp >&5
configure:5589: $? = 0
configure:5589: result: yes
configure:5589: checking byteswap.h presence
configure:5589: g++ -E  -D_LINUX -D_DEBUG conftest.cpp
configure:5589: $? = 0
configure:5589: result: yes
configure:5589: checking for byteswap.h
configure:5589: result: yes
configure:5589: checking stdio.h usability
configure:5589: g++ -c -g -O2 -g3 -O0  -D_LINUX -D_DEBUG conftest.cpp >&5
configure:5589: $? = 0
configure:5589: result: yes
configure:5589: checking stdio.h presence
configure:5589: g++ -E  -D_LINUX -D_DEBUG conftest.cpp
configure:5589: $? = 0
configure:5589: result: yes
configure:5589: checking for stdio.h
configure:5589: result: yes
configure:5589: checking for stdlib.h
configure:5589: result: yes
configure:5589: checking for unistd.h
configure:5589: result: yes
configure:5589: checking for strings.h
configure:5589: result: yes
configure:5589: checking for sys/types.h
configure:5589: result: yes
configure:5589: checking for sys/stat.h
configure:5589: result: yes
configure:5589: checking sys/select.h usability
configure:5589: g++ -c -g -O2 -g3 -O0  -D_LINUX -D_DEBUG conftest.cpp >&5
configure:5589: $? = 0
configure:5589: result: yes
configure:5589: checking sys/select.h presence
configure:5589: g++ -E  -D_LINUX -D_DEBUG conftest.cpp
configure:5589: $? = 0
configure:5589: result: yes
configure:5589: checking for sys/select.h
configure:5589: result: yes
configure:5589: checking sys/prctl.h usability
configure:5589: g++ -c -g -O2 -g3 -O0  -D_LINUX -D_DEBUG conftest.cpp >&5
configure:5589: $? = 0
configure:5589: result: yes
configure:5589: checking sys/prctl.h presence
configure:5589: g++ -E  -D_LINUX -D_DEBUG conftest.cpp
configure:5589: $? = 0
configure:5589: result: yes
configure:5589: checking for sys/prctl.h
configure:5589: result: yes
configure:5601: checking for size_t
configure:5601: g++ -c -g -O2 -g3 -O0  -D_LINUX -D_DEBUG conftest.cpp >&5
configure:5601: $? = 0
configure:5601: g++ -c -g -O2 -g3 -O0  -D_LINUX -D_DEBUG conftest.cpp >&5
conftest.cpp: In function 'int main()':
conftest.cpp:84:20: error: expected primary-expression before ')' token
 if (sizeof ((size_t)))
                    ^
configure:5601: $? = 1
configure: failed program was:
| /* confdefs.h */
| #define PACKAGE_NAME "metachain"
| #define PACKAGE_TARNAME "metachain"
| #define PACKAGE_VERSION "1"
| #define PACKAGE_STRING "metachain 1"
| #define PACKAGE_BUGREPORT "office@trustchaintechnologies.io"
| #define PACKAGE_URL ""
| #define PACKAGE "metachain"
| #define VERSION "1"
| #define HAVE_CXX11 1
| #define STDC_HEADERS 1
| #define HAVE_SYS_TYPES_H 1
| #define HAVE_SYS_STAT_H 1
| #define HAVE_STDLIB_H 1
| #define HAVE_STRING_H 1
| #define HAVE_MEMORY_H 1
| #define HAVE_STRINGS_H 1
| #define HAVE_INTTYPES_H 1
| #define HAVE_STDINT_H 1
| #define HAVE_UNISTD_H 1
| #define HAVE_SYS_SOCKET_H 1
| #define HAVE_NETINET_IN_H 1
| #define HAVE_STRING 1
| #define HAVE_IOSTREAM 1
| #define HAVE_TIME_H 1
| #define HAVE_FSTREAM 1
| #define HAVE_VECTOR 1
| #define HAVE_MAP 1
| #define HAVE_STDINT_H 1
| #define HAVE_LIMITS 1
| #define HAVE_ERRNO_H 1
| #define HAVE_ATOMIC 1
| #define HAVE_CHRONO 1
| #define HAVE_MUTEX 1
| #define HAVE_THREAD 1
| #define HAVE_QUEUE 1
| #define HAVE_ENDIAN_H 1
| #define HAVE_BYTESWAP_H 1
| #define HAVE_STDIO_H 1
| #define HAVE_STDLIB_H 1
| #define HAVE_UNISTD_H 1
| #define HAVE_STRINGS_H 1
| #define HAVE_SYS_TYPES_H 1
| #define HAVE_SYS_STAT_H 1
| #define HAVE_SYS_SELECT_H 1
| #define HAVE_SYS_PRCTL_H 1
| /* end confdefs.h.  */
| #include <stdio.h>
| #ifdef HAVE_SYS_TYPES_H
| # include <sys/types.h>
| #endif
| #ifdef HAVE_SYS_STAT_H
| # include <sys/stat.h>
| #endif
| #ifdef STDC_HEADERS
| # include <stdlib.h>
| # include <stddef.h>
| #else
| # ifdef HAVE_STDLIB_H
| #  include <stdlib.h>
| # endif
| #endif
| #ifdef HAVE_STRING_H
| # if !defined STDC_HEADERS && defined HAVE_MEMORY_H
| #  include <memory.h>
| # endif
| # include <string.h>
| #endif
| #ifdef HAVE_STRINGS_H
| # include <strings.h>
| #endif
| #ifdef HAVE_INTTYPES_H
| # include <inttypes.h>
| #endif
| #ifdef HAVE_STDINT_H
| # include <stdint.h>
| #endif
| #ifdef HAVE_UNISTD_H
| # include <unistd.h>
| #endif
| int
| main ()
| {
| if (sizeof ((size_t)))
| 	    return 0;
|   ;
|   return 0;
| }
configure:5601: result: yes
configure:5614: checking whether byte ordering is bigendian
configure:5629: g++ -c -g -O2 -g3 -O0  -D_LINUX -D_DEBUG conftest.cpp >&5
conftest.cpp:49:9: error: expected unqualified-id before 'not' token
         not a universal capable compiler
         ^~~
configure:5629: $? = 1
configure: failed program was:
| /* confdefs.h */
| #define PACKAGE_NAME "metachain"
| #define PACKAGE_TARNAME "metachain"
| #define PACKAGE_VERSION "1"
| #define PACKAGE_STRING "metachain 1"
| #define PACKAGE_BUGREPORT "office@trustchaintechnologies.io"
| #define PACKAGE_URL ""
| #define PACKAGE "metachain"
| #define VERSION "1"
| #define HAVE_CXX11 1
| #define STDC_HEADERS 1
| #define HAVE_SYS_TYPES_H 1
| #define HAVE_SYS_STAT_H 1
| #define HAVE_STDLIB_H 1
| #define HAVE_STRING_H 1
| #define HAVE_MEMORY_H 1
| #define HAVE_STRINGS_H 1
| #define HAVE_INTTYPES_H 1
| #define HAVE_STDINT_H 1
| #define HAVE_UNISTD_H 1
| #define HAVE_SYS_SOCKET_H 1
| #define HAVE_NETINET_IN_H 1
| #define HAVE_STRING 1
| #define HAVE_IOSTREAM 1
| #define HAVE_TIME_H 1
| #define HAVE_FSTREAM 1
| #define HAVE_VECTOR 1
| #define HAVE_MAP 1
| #define HAVE_STDINT_H 1
| #define HAVE_LIMITS 1
| #define HAVE_ERRNO_H 1
| #define HAVE_ATOMIC 1
| #define HAVE_CHRONO 1
| #define HAVE_MUTEX 1
| #define HAVE_THREAD 1
| #define HAVE_QUEUE 1
| #define HAVE_ENDIAN_H 1
| #define HAVE_BYTESWAP_H 1
| #define HAVE_STDIO_H 1
| #define HAVE_STDLIB_H 1
| #define HAVE_UNISTD_H 1
| #define HAVE_STRINGS_H 1
| #define HAVE_SYS_TYPES_H 1
| #define HAVE_SYS_STAT_H 1
| #define HAVE_SYS_SELECT_H 1
| #define HAVE_SYS_PRCTL_H 1
| /* end confdefs.h.  */
| #ifndef __APPLE_CC__
| 	       not a universal capable compiler
| 	     #endif
| 	     typedef int dummy;
| 
configure:5674: g++ -c -g -O2 -g3 -O0  -D_LINUX -D_DEBUG conftest.cpp >&5
configure:5674: $? = 0
configure:5692: g++ -c -g -O2 -g3 -O0  -D_LINUX -D_DEBUG conftest.cpp >&5
conftest.cpp: In function 'int main()':
conftest.cpp:55:8: error: 'big' was not declared in this scope
    not big endian
        ^~~
configure:5692: $? = 1
configure: failed program was:
| /* confdefs.h */
| #define PACKAGE_NAME "metachain"
| #define PACKAGE_TARNAME "metachain"
| #define PACKAGE_VERSION "1"
| #define PACKAGE_STRING "metachain 1"
| #define PACKAGE_BUGREPORT "office@trustchaintechnologies.io"
| #define PACKAGE_URL ""
| #define PACKAGE "metachain"
| #define VERSION "1"
| #define HAVE_CXX11 1
| #define STDC_HEADERS 1
| #define HAVE_SYS_TYPES_H 1
| #define HAVE_SYS_STAT_H 1
| #define HAVE_STDLIB_H 1
| #define HAVE_STRING_H 1
| #define HAVE_MEMORY_H 1
| #define HAVE_STRINGS_H 1
| #define HAVE_INTTYPES_H 1
| #define HAVE_STDINT_H 1
| #define HAVE_UNISTD_H 1
| #define HAVE_SYS_SOCKET_H 1
| #define HAVE_NETINET_IN_H 1
| #define HAVE_STRING 1
| #define HAVE_IOSTREAM 1
| #define HAVE_TIME_H 1
| #define HAVE_FSTREAM 1
| #define HAVE_VECTOR 1
| #define HAVE_MAP 1
| #define HAVE_STDINT_H 1
| #define HAVE_LIMITS 1
| #define HAVE_ERRNO_H 1
| #define HAVE_ATOMIC 1
| #define HAVE_CHRONO 1
| #define HAVE_MUTEX 1
| #define HAVE_THREAD 1
| #define HAVE_QUEUE 1
| #define HAVE_ENDIAN_H 1
| #define HAVE_BYTESWAP_H 1
| #define HAVE_STDIO_H 1
| #define HAVE_STDLIB_H 1
| #define HAVE_UNISTD_H 1
| #define HAVE_STRINGS_H 1
| #define HAVE_SYS_TYPES_H 1
| #define HAVE_SYS_STAT_H 1
| #define HAVE_SYS_SELECT_H 1
| #define HAVE_SYS_PRCTL_H 1
| /* end confdefs.h.  */
| #include <sys/types.h>
| 		#include <sys/param.h>
| 
| int
| main ()
| {
| #if BYTE_ORDER != BIG_ENDIAN
| 		 not big endian
| 		#endif
| 
|   ;
|   return 0;
| }
configure:5820: result: no
configure:5888: checking for gcc
configure:5904: found /opt/rh/devtoolset-6/root/usr/bin/gcc
configure:5915: result: gcc
configure:6144: checking for C compiler version
configure:6153: gcc --version >&5
gcc (GCC) 6.2.1 20160916 (Red Hat 6.2.1-3)
Copyright (C) 2016 Free Software Foundation, Inc.
This is free software; see the source for copying conditions.  There is NO
warranty; not even for MERCHANTABILITY or FITNESS FOR A PARTICULAR PURPOSE.

configure:6164: $? = 0
configure:6153: gcc -v >&5
Using built-in specs.
COLLECT_GCC=gcc
COLLECT_LTO_WRAPPER=/opt/rh/devtoolset-6/root/usr/libexec/gcc/x86_64-redhat-linux/6.2.1/lto-wrapper
Target: x86_64-redhat-linux
Configured with: ../configure --enable-bootstrap --enable-languages=c,c++,fortran,lto --prefix=/opt/rh/devtoolset-6/root/usr --mandir=/opt/rh/devtoolset-6/root/usr/share/man --infodir=/opt/rh/devtoolset-6/root/usr/share/info --with-bugurl=http://bugzilla.redhat.com/bugzilla --enable-shared --enable-threads=posix --enable-checking=release --enable-multilib --with-system-zlib --enable-__cxa_atexit --disable-libunwind-exceptions --enable-gnu-unique-object --enable-linker-build-id --enable-plugin --with-linker-hash-style=gnu --enable-initfini-array --disable-libgcj --with-default-libstdcxx-abi=gcc4-compatible --with-isl=/builddir/build/BUILD/gcc-6.2.1-20160916/obj-x86_64-redhat-linux/isl-install --enable-libmpx --enable-gnu-indirect-function --with-tune=generic --with-arch_32=i686 --build=x86_64-redhat-linux
Thread model: posix
gcc version 6.2.1 20160916 (Red Hat 6.2.1-3) (GCC) 
configure:6164: $? = 0
configure:6153: gcc -V >&5
gcc: error: unrecognized command line option '-V'
gcc: fatal error: no input files
compilation terminated.
configure:6164: $? = 1
configure:6153: gcc -qversion >&5
gcc: error: unrecognized command line option '-qversion'; did you mean '--version'?
gcc: fatal error: no input files
compilation terminated.
configure:6164: $? = 1
configure:6168: checking whether we are using the GNU C compiler
configure:6187: gcc -c   -D_LINUX -D_DEBUG conftest.c >&5
configure:6187: $? = 0
configure:6196: result: yes
configure:6205: checking whether gcc accepts -g
configure:6225: gcc -c -g  -D_LINUX -D_DEBUG conftest.c >&5
configure:6225: $? = 0
configure:6266: result: yes
configure:6283: checking for gcc option to accept ISO C89
configure:6346: gcc  -c -g -O2  -D_LINUX -D_DEBUG conftest.c >&5
configure:6346: $? = 0
configure:6359: result: none needed
configure:6381: checking dependency style of gcc
configure:6492: result: gcc3
configure:6507: checking for a sed that does not truncate output
configure:6571: result: /usr/bin/sed
configure:6582: checking how to run the C preprocessor
configure:6613: gcc -E  -D_LINUX -D_DEBUG conftest.c
configure:6613: $? = 0
configure:6627: gcc -E  -D_LINUX -D_DEBUG conftest.c
conftest.c:48:28: fatal error: ac_nonexistent.h: No such file or directory
 #include <ac_nonexistent.h>
                            ^
compilation terminated.
configure:6627: $? = 1
configure: failed program was:
| /* confdefs.h */
| #define PACKAGE_NAME "metachain"
| #define PACKAGE_TARNAME "metachain"
| #define PACKAGE_VERSION "1"
| #define PACKAGE_STRING "metachain 1"
| #define PACKAGE_BUGREPORT "office@trustchaintechnologies.io"
| #define PACKAGE_URL ""
| #define PACKAGE "metachain"
| #define VERSION "1"
| #define HAVE_CXX11 1
| #define STDC_HEADERS 1
| #define HAVE_SYS_TYPES_H 1
| #define HAVE_SYS_STAT_H 1
| #define HAVE_STDLIB_H 1
| #define HAVE_STRING_H 1
| #define HAVE_MEMORY_H 1
| #define HAVE_STRINGS_H 1
| #define HAVE_INTTYPES_H 1
| #define HAVE_STDINT_H 1
| #define HAVE_UNISTD_H 1
| #define HAVE_SYS_SOCKET_H 1
| #define HAVE_NETINET_IN_H 1
| #define HAVE_STRING 1
| #define HAVE_IOSTREAM 1
| #define HAVE_TIME_H 1
| #define HAVE_FSTREAM 1
| #define HAVE_VECTOR 1
| #define HAVE_MAP 1
| #define HAVE_STDINT_H 1
| #define HAVE_LIMITS 1
| #define HAVE_ERRNO_H 1
| #define HAVE_ATOMIC 1
| #define HAVE_CHRONO 1
| #define HAVE_MUTEX 1
| #define HAVE_THREAD 1
| #define HAVE_QUEUE 1
| #define HAVE_ENDIAN_H 1
| #define HAVE_BYTESWAP_H 1
| #define HAVE_STDIO_H 1
| #define HAVE_STDLIB_H 1
| #define HAVE_UNISTD_H 1
| #define HAVE_STRINGS_H 1
| #define HAVE_SYS_TYPES_H 1
| #define HAVE_SYS_STAT_H 1
| #define HAVE_SYS_SELECT_H 1
| #define HAVE_SYS_PRCTL_H 1
| /* end confdefs.h.  */
| #include <ac_nonexistent.h>
configure:6652: result: gcc -E
configure:6672: gcc -E  -D_LINUX -D_DEBUG conftest.c
configure:6672: $? = 0
configure:6686: gcc -E  -D_LINUX -D_DEBUG conftest.c
conftest.c:48:28: fatal error: ac_nonexistent.h: No such file or directory
 #include <ac_nonexistent.h>
                            ^
compilation terminated.
configure:6686: $? = 1
configure: failed program was:
| /* confdefs.h */
| #define PACKAGE_NAME "metachain"
| #define PACKAGE_TARNAME "metachain"
| #define PACKAGE_VERSION "1"
| #define PACKAGE_STRING "metachain 1"
| #define PACKAGE_BUGREPORT "office@trustchaintechnologies.io"
| #define PACKAGE_URL ""
| #define PACKAGE "metachain"
| #define VERSION "1"
| #define HAVE_CXX11 1
| #define STDC_HEADERS 1
| #define HAVE_SYS_TYPES_H 1
| #define HAVE_SYS_STAT_H 1
| #define HAVE_STDLIB_H 1
| #define HAVE_STRING_H 1
| #define HAVE_MEMORY_H 1
| #define HAVE_STRINGS_H 1
| #define HAVE_INTTYPES_H 1
| #define HAVE_STDINT_H 1
| #define HAVE_UNISTD_H 1
| #define HAVE_SYS_SOCKET_H 1
| #define HAVE_NETINET_IN_H 1
| #define HAVE_STRING 1
| #define HAVE_IOSTREAM 1
| #define HAVE_TIME_H 1
| #define HAVE_FSTREAM 1
| #define HAVE_VECTOR 1
| #define HAVE_MAP 1
| #define HAVE_STDINT_H 1
| #define HAVE_LIMITS 1
| #define HAVE_ERRNO_H 1
| #define HAVE_ATOMIC 1
| #define HAVE_CHRONO 1
| #define HAVE_MUTEX 1
| #define HAVE_THREAD 1
| #define HAVE_QUEUE 1
| #define HAVE_ENDIAN_H 1
| #define HAVE_BYTESWAP_H 1
| #define HAVE_STDIO_H 1
| #define HAVE_STDLIB_H 1
| #define HAVE_UNISTD_H 1
| #define HAVE_STRINGS_H 1
| #define HAVE_SYS_TYPES_H 1
| #define HAVE_SYS_STAT_H 1
| #define HAVE_SYS_SELECT_H 1
| #define HAVE_SYS_PRCTL_H 1
| /* end confdefs.h.  */
| #include <ac_nonexistent.h>
configure:6898: checking whether gcc is Clang
configure:6923: result: no
configure:7046: checking whether pthreads work with -pthread
configure:7140: gcc -o conftest -g -O2 -pthread  -D_LINUX -D_DEBUG  conftest.c   >&5
configure:7140: $? = 0
configure:7149: result: yes
configure:7168: checking for joinable pthread attribute
configure:7186: gcc -o conftest -g -O2 -pthread  -D_LINUX -D_DEBUG  conftest.c   >&5
configure:7186: $? = 0
configure:7194: result: PTHREAD_CREATE_JOINABLE
configure:7208: checking whether more special flags are required for pthreads
configure:7221: result: no
configure:7229: checking for PTHREAD_PRIO_INHERIT
configure:7245: gcc -o conftest -g -O2 -pthread  -D_LINUX -D_DEBUG  conftest.c   >&5
configure:7245: $? = 0
configure:7254: result: yes
configure:7358: checking whether le16toh is declared
configure:7358: g++ -c -g -O2 -g3 -O0  -D_LINUX -D_DEBUG conftest.cpp >&5
configure:7358: $? = 0
configure:7358: result: yes
configure:7373: checking whether le32toh is declared
configure:7373: g++ -c -g -O2 -g3 -O0  -D_LINUX -D_DEBUG conftest.cpp >&5
configure:7373: $? = 0
configure:7373: result: yes
configure:7388: checking whether le64toh is declared
configure:7388: g++ -c -g -O2 -g3 -O0  -D_LINUX -D_DEBUG conftest.cpp >&5
configure:7388: $? = 0
configure:7388: result: yes
configure:7403: checking whether htole16 is declared
configure:7403: g++ -c -g -O2 -g3 -O0  -D_LINUX -D_DEBUG conftest.cpp >&5
configure:7403: $? = 0
configure:7403: result: yes
configure:7418: checking whether htole32 is declared
configure:7418: g++ -c -g -O2 -g3 -O0  -D_LINUX -D_DEBUG conftest.cpp >&5
configure:7418: $? = 0
configure:7418: result: yes
configure:7433: checking whether htole64 is declared
configure:7433: g++ -c -g -O2 -g3 -O0  -D_LINUX -D_DEBUG conftest.cpp >&5
configure:7433: $? = 0
configure:7433: result: yes
configure:7448: checking whether be16toh is declared
configure:7448: g++ -c -g -O2 -g3 -O0  -D_LINUX -D_DEBUG conftest.cpp >&5
configure:7448: $? = 0
configure:7448: result: yes
configure:7463: checking whether be32toh is declared
configure:7463: g++ -c -g -O2 -g3 -O0  -D_LINUX -D_DEBUG conftest.cpp >&5
configure:7463: $? = 0
configure:7463: result: yes
configure:7478: checking whether be64toh is declared
configure:7478: g++ -c -g -O2 -g3 -O0  -D_LINUX -D_DEBUG conftest.cpp >&5
configure:7478: $? = 0
configure:7478: result: yes
configure:7493: checking whether htobe16 is declared
configure:7493: g++ -c -g -O2 -g3 -O0  -D_LINUX -D_DEBUG conftest.cpp >&5
configure:7493: $? = 0
configure:7493: result: yes
configure:7508: checking whether htobe32 is declared
configure:7508: g++ -c -g -O2 -g3 -O0  -D_LINUX -D_DEBUG conftest.cpp >&5
configure:7508: $? = 0
configure:7508: result: yes
configure:7523: checking whether htobe64 is declared
configure:7523: g++ -c -g -O2 -g3 -O0  -D_LINUX -D_DEBUG conftest.cpp >&5
configure:7523: $? = 0
configure:7523: result: yes
configure:7540: checking whether bswap_16 is declared
configure:7540: g++ -c -g -O2 -g3 -O0  -D_LINUX -D_DEBUG conftest.cpp >&5
configure:7540: $? = 0
configure:7540: result: yes
configure:7553: checking whether bswap_32 is declared
configure:7553: g++ -c -g -O2 -g3 -O0  -D_LINUX -D_DEBUG conftest.cpp >&5
configure:7553: $? = 0
configure:7553: result: yes
configure:7566: checking whether bswap_64 is declared
configure:7566: g++ -c -g -O2 -g3 -O0  -D_LINUX -D_DEBUG conftest.cpp >&5
configure:7566: $? = 0
configure:7566: result: yes
configure:7582: checking whether daemon is declared
configure:7582: g++ -c -g -O2 -g3 -O0  -D_LINUX -D_DEBUG conftest.cpp >&5
configure:7582: $? = 0
configure:7582: result: yes
configure:7595: checking for MSG_NOSIGNAL
configure:7608: g++ -c -g -O2 -g3 -O0  -D_LINUX -D_DEBUG conftest.cpp >&5
configure:7608: $? = 0
configure:7609: result: yes
configure:7621: checking for MSG_DONTWAIT
configure:7634: g++ -c -g -O2 -g3 -O0  -D_LINUX -D_DEBUG conftest.cpp >&5
configure:7634: $? = 0
configure:7635: result: yes
configure:7647: checking for getmemoryinfo
configure:7660: g++ -c -g -O2 -g3 -O0  -D_LINUX -D_DEBUG conftest.cpp >&5
configure:7660: $? = 0
configure:7661: result: yes
configure:7673: checking for Linux getrandom syscall
configure:7688: g++ -c -g -O2 -g3 -O0  -D_LINUX -D_DEBUG conftest.cpp >&5
conftest.cpp: In function 'int main()':
conftest.cpp:75:10: error: 'SYS_getrandom' was not declared in this scope
  syscall(SYS_getrandom, nullptr, 32, 0);
          ^~~~~~~~~~~~~
configure:7688: $? = 1
configure: failed program was:
| /* confdefs.h */
| #define PACKAGE_NAME "metachain"
| #define PACKAGE_TARNAME "metachain"
| #define PACKAGE_VERSION "1"
| #define PACKAGE_STRING "metachain 1"
| #define PACKAGE_BUGREPORT "office@trustchaintechnologies.io"
| #define PACKAGE_URL ""
| #define PACKAGE "metachain"
| #define VERSION "1"
| #define HAVE_CXX11 1
| #define STDC_HEADERS 1
| #define HAVE_SYS_TYPES_H 1
| #define HAVE_SYS_STAT_H 1
| #define HAVE_STDLIB_H 1
| #define HAVE_STRING_H 1
| #define HAVE_MEMORY_H 1
| #define HAVE_STRINGS_H 1
| #define HAVE_INTTYPES_H 1
| #define HAVE_STDINT_H 1
| #define HAVE_UNISTD_H 1
| #define HAVE_SYS_SOCKET_H 1
| #define HAVE_NETINET_IN_H 1
| #define HAVE_STRING 1
| #define HAVE_IOSTREAM 1
| #define HAVE_TIME_H 1
| #define HAVE_FSTREAM 1
| #define HAVE_VECTOR 1
| #define HAVE_MAP 1
| #define HAVE_STDINT_H 1
| #define HAVE_LIMITS 1
| #define HAVE_ERRNO_H 1
| #define HAVE_ATOMIC 1
| #define HAVE_CHRONO 1
| #define HAVE_MUTEX 1
| #define HAVE_THREAD 1
| #define HAVE_QUEUE 1
| #define HAVE_ENDIAN_H 1
| #define HAVE_BYTESWAP_H 1
| #define HAVE_STDIO_H 1
| #define HAVE_STDLIB_H 1
| #define HAVE_UNISTD_H 1
| #define HAVE_STRINGS_H 1
| #define HAVE_SYS_TYPES_H 1
| #define HAVE_SYS_STAT_H 1
| #define HAVE_SYS_SELECT_H 1
| #define HAVE_SYS_PRCTL_H 1
| #define HAVE_PTHREAD_PRIO_INHERIT 1
| #define HAVE_PTHREAD 1
| #define HAVE_DECL_LE16TOH 1
| #define HAVE_DECL_LE32TOH 1
| #define HAVE_DECL_LE64TOH 1
| #define HAVE_DECL_HTOLE16 1
| #define HAVE_DECL_HTOLE32 1
| #define HAVE_DECL_HTOLE64 1
| #define HAVE_DECL_BE16TOH 1
| #define HAVE_DECL_BE32TOH 1
| #define HAVE_DECL_BE64TOH 1
| #define HAVE_DECL_HTOBE16 1
| #define HAVE_DECL_HTOBE32 1
| #define HAVE_DECL_HTOBE64 1
| #define HAVE_DECL_BSWAP_16 1
| #define HAVE_DECL_BSWAP_32 1
| #define HAVE_DECL_BSWAP_64 1
| #define HAVE_DECL_DAEMON 1
| #define HAVE_MSG_NOSIGNAL 1
| #define HAVE_MSG_DONTWAIT 1
| #define HAVE_MALLOC_INFO 1
| /* end confdefs.h.  */
| #include <unistd.h>
|   #include <sys/syscall.h>
|   #include <linux/random.h>
| int
| main ()
| {
|  syscall(SYS_getrandom, nullptr, 32, 0);
|   ;
|   return 0;
| }
configure:7694: result: no
configure:7753: checking for boostlib >= 1.48
configure:7836: g++ -c -g -O2 -g3 -O0  -D_LINUX -D_DEBUG -I/usr/include conftest.cpp >&5
configure:7836: $? = 0
configure:7838: result: yes
configure:8027: checking whether the Boost::Chrono library is available
configure:8051: g++ -c -g -O2 -g3 -O0  -D_LINUX -D_DEBUG -I/usr/include conftest.cpp >&5
configure:8051: $? = 0
configure:8066: result: yes
configure:8081: checking for exit in -lboost_chrono-mt
configure:8106: g++ -o conftest -g -O2 -g3 -O0  -D_LINUX -D_DEBUG -I/usr/include  -L/usr/lib64 conftest.cpp -lboost_chrono-mt   >&5
configure:8106: $? = 0
configure:8116: result: yes
configure:8267: checking whether the Boost::Date_Time library is available
configure:8291: g++ -c -g -O2 -g3 -O0  -D_LINUX -D_DEBUG -I/usr/include conftest.cpp >&5
configure:8291: $? = 0
configure:8305: result: yes
configure:8316: checking for exit in -lboost_date_time-mt
configure:8341: g++ -o conftest -g -O2 -g3 -O0  -D_LINUX -D_DEBUG -I/usr/include  -L/usr/lib64 conftest.cpp -lboost_date_time-mt   >&5
configure:8341: $? = 0
configure:8351: result: yes
configure:8496: checking whether the Boost::IOStreams library is available
configure:8524: g++ -c -g -O2 -g3 -O0  -D_LINUX -D_DEBUG -I/usr/include conftest.cpp >&5
configure:8524: $? = 0
configure:8538: result: yes
configure:8549: checking for exit in -lboost_iostreams-mt
configure:8574: g++ -o conftest -g -O2 -g3 -O0  -D_LINUX -D_DEBUG -I/usr/include  -L/usr/lib64 conftest.cpp -lboost_iostreams-mt   >&5
configure:8574: $? = 0
configure:8584: result: yes
configure:8730: checking whether the Boost::Locale library is available
configure:8755: g++ -c -g -O2 -g3 -O0  -D_LINUX -D_DEBUG -I/usr/include conftest.cpp >&5
configure:8755: $? = 0
configure:8770: result: yes
configure:8785: checking for exit in -lboost_locale-mt
configure:8810: g++ -o conftest -g -O2 -g3 -O0  -D_LINUX -D_DEBUG -I/usr/include  -L/usr/lib64 conftest.cpp -lboost_locale-mt   >&5
configure:8810: $? = 0
configure:8820: result: yes
configure:8971: checking whether the Boost::Regex library is available
configure:8994: g++ -c -g -O2 -g3 -O0  -D_LINUX -D_DEBUG -I/usr/include conftest.cpp >&5
configure:8994: $? = 0
configure:9008: result: yes
configure:9019: checking for exit in -lboost_regex-mt
configure:9044: g++ -o conftest -g -O2 -g3 -O0  -D_LINUX -D_DEBUG -I/usr/include  -L/usr/lib64 conftest.cpp -lboost_regex-mt   >&5
configure:9044: $? = 0
configure:9054: result: yes
configure:9198: checking whether the Boost::Signals library is available
configure:9223: g++ -c -g -O2 -g3 -O0  -D_LINUX -D_DEBUG -I/usr/include conftest.cpp >&5
configure:9223: $? = 0
configure:9237: result: yes
configure:9248: checking for exit in -lboost_signals-mt
configure:9273: g++ -o conftest -g -O2 -g3 -O0  -D_LINUX -D_DEBUG -I/usr/include  -L/usr/lib64 conftest.cpp -lboost_signals-mt   >&5
configure:9273: $? = 0
configure:9283: result: yes
configure:9427: checking whether the Boost::Thread library is available
configure:9460: g++ -c -pthread -g -O2 -g3 -O0  -D_LINUX -D_DEBUG -I/usr/include conftest.cpp >&5
configure:9460: $? = 0
configure:9475: result: yes
configure:9504: checking for exit in -lboost_thread
configure:9529: g++ -o conftest -g -O2 -g3 -O0  -D_LINUX -D_DEBUG -I/usr/include  -L/usr/lib64 conftest.cpp -lboost_thread   >&5
configure:9529: $? = 0
configure:9539: result: yes
configure:9711: checking whether the Boost::System library is available
configure:9736: g++ -c   -D_LINUX -D_DEBUG -pthread -I/usr/include conftest.cpp >&5
configure:9736: $? = 0
configure:9751: result: yes
configure:9766: checking for exit in -lboost_system
configure:9791: g++ -o conftest -g -O2 -g3 -O0  -D_LINUX -D_DEBUG -pthread -I/usr/include  -L/usr/lib64 conftest.cpp -lboost_system   >&5
configure:9791: $? = 0
configure:9801: result: yes
configure:9956: checking whether the Boost::Filesystem library is available
configure:9980: g++ -c -g -O2 -g3 -O0  -D_LINUX -D_DEBUG -pthread -I/usr/include conftest.cpp >&5
configure:9980: $? = 0
configure:9994: result: yes
configure:10005: checking for exit in -lboost_filesystem
configure:10030: g++ -o conftest -g -O2 -g3 -O0  -D_LINUX -D_DEBUG -pthread -I/usr/include  -L/usr/lib64 conftest.cpp -lboost_filesystem   -lboost_system >&5
configure:10030: $? = 0
configure:10040: result: yes
configure:10190: g++ -o conftest -g -O2 -g3 -O0  -D_LINUX -D_DEBUG -pthread -I/usr/include  conftest.cpp   >&5
/tmp/ccgY8W6o.o: In function `__static_initialization_and_destruction_0(int, int)':
/usr/include/boost/system/error_code.hpp:214: undefined reference to `boost::system::generic_category()'
/usr/include/boost/system/error_code.hpp:215: undefined reference to `boost::system::generic_category()'
/usr/include/boost/system/error_code.hpp:216: undefined reference to `boost::system::system_category()'
/tmp/ccgY8W6o.o: In function `boost::this_thread::sleep_for(boost::chrono::duration<long, boost::ratio<1l, 1000000000l> > const&)':
/usr/include/boost/thread/pthread/thread_data.hpp:233: undefined reference to `boost::this_thread::hiden::sleep_for(timespec const&)'
collect2: error: ld returned 1 exit status
configure:10190: $? = 1
configure: failed program was:
| /* confdefs.h */
| #define PACKAGE_NAME "metachain"
| #define PACKAGE_TARNAME "metachain"
| #define PACKAGE_VERSION "1"
| #define PACKAGE_STRING "metachain 1"
| #define PACKAGE_BUGREPORT "office@trustchaintechnologies.io"
| #define PACKAGE_URL ""
| #define PACKAGE "metachain"
| #define VERSION "1"
| #define HAVE_CXX11 1
| #define STDC_HEADERS 1
| #define HAVE_SYS_TYPES_H 1
| #define HAVE_SYS_STAT_H 1
| #define HAVE_STDLIB_H 1
| #define HAVE_STRING_H 1
| #define HAVE_MEMORY_H 1
| #define HAVE_STRINGS_H 1
| #define HAVE_INTTYPES_H 1
| #define HAVE_STDINT_H 1
| #define HAVE_UNISTD_H 1
| #define HAVE_SYS_SOCKET_H 1
| #define HAVE_NETINET_IN_H 1
| #define HAVE_STRING 1
| #define HAVE_IOSTREAM 1
| #define HAVE_TIME_H 1
| #define HAVE_FSTREAM 1
| #define HAVE_VECTOR 1
| #define HAVE_MAP 1
| #define HAVE_STDINT_H 1
| #define HAVE_LIMITS 1
| #define HAVE_ERRNO_H 1
| #define HAVE_ATOMIC 1
| #define HAVE_CHRONO 1
| #define HAVE_MUTEX 1
| #define HAVE_THREAD 1
| #define HAVE_QUEUE 1
| #define HAVE_ENDIAN_H 1
| #define HAVE_BYTESWAP_H 1
| #define HAVE_STDIO_H 1
| #define HAVE_STDLIB_H 1
| #define HAVE_UNISTD_H 1
| #define HAVE_STRINGS_H 1
| #define HAVE_SYS_TYPES_H 1
| #define HAVE_SYS_STAT_H 1
| #define HAVE_SYS_SELECT_H 1
| #define HAVE_SYS_PRCTL_H 1
| #define HAVE_PTHREAD_PRIO_INHERIT 1
| #define HAVE_PTHREAD 1
| #define HAVE_DECL_LE16TOH 1
| #define HAVE_DECL_LE32TOH 1
| #define HAVE_DECL_LE64TOH 1
| #define HAVE_DECL_HTOLE16 1
| #define HAVE_DECL_HTOLE32 1
| #define HAVE_DECL_HTOLE64 1
| #define HAVE_DECL_BE16TOH 1
| #define HAVE_DECL_BE32TOH 1
| #define HAVE_DECL_BE64TOH 1
| #define HAVE_DECL_HTOBE16 1
| #define HAVE_DECL_HTOBE32 1
| #define HAVE_DECL_HTOBE64 1
| #define HAVE_DECL_BSWAP_16 1
| #define HAVE_DECL_BSWAP_32 1
| #define HAVE_DECL_BSWAP_64 1
| #define HAVE_DECL_DAEMON 1
| #define HAVE_MSG_NOSIGNAL 1
| #define HAVE_MSG_DONTWAIT 1
| #define HAVE_MALLOC_INFO 1
| #define HAVE_BOOST /**/
| #define HAVE_BOOST_CHRONO /**/
| #define HAVE_BOOST_DATE_TIME /**/
| #define HAVE_BOOST_IOSTREAMS /**/
| #define HAVE_BOOST_LOCALE /**/
| #define HAVE_BOOST_REGEX /**/
| #define HAVE_BOOST_SIGNALS /**/
| #define HAVE_BOOST_THREAD /**/
| #define HAVE_BOOST_SYSTEM /**/
| #define HAVE_BOOST_FILESYSTEM /**/
| /* end confdefs.h.  */
| 
|   #include <boost/thread/thread.hpp>
|   #include <boost/version.hpp>
| 
| int
| main ()
| {
| 
|   #if BOOST_VERSION >= 105000 && (!defined(BOOST_HAS_NANOSLEEP) || BOOST_VERSION >= 105200)
|       boost::this_thread::sleep_for(boost::chrono::milliseconds(0));
|   #else
|    choke me
|   #endif
| 
|   ;
|   return 0;
| }
configure:10349: checking that generated files are newer than configure
configure:10355: result: done
configure:10387: creating ./config.status

## ---------------------- ##
## Running config.status. ##
## ---------------------- ##

This file was extended by metachain config.status 1, which was
generated by GNU Autoconf 2.69.  Invocation command line was

  CONFIG_FILES    = 
  CONFIG_HEADERS  = 
  CONFIG_LINKS    = 
  CONFIG_COMMANDS = 
  $ ./config.status 

on out.trustchaintechnologies.io

config.status:820: creating Makefile
config.status:992: executing depfiles commands

## ---------------- ##
## Cache variables. ##
## ---------------- ##

ac_cv_build=x86_64-pc-linux-gnu
ac_cv_c_bigendian=no
ac_cv_c_compiler_gnu=yes
ac_cv_cxx_compiler_gnu=yes
ac_cv_env_CCC_set=
ac_cv_env_CCC_value=
ac_cv_env_CC_set=
ac_cv_env_CC_value=
ac_cv_env_CFLAGS_set=
ac_cv_env_CFLAGS_value=
ac_cv_env_CPPFLAGS_set=
ac_cv_env_CPPFLAGS_value=
ac_cv_env_CPP_set=
ac_cv_env_CPP_value=
ac_cv_env_CXXCPP_set=
ac_cv_env_CXXCPP_value=
ac_cv_env_CXXFLAGS_set=
ac_cv_env_CXXFLAGS_value=
ac_cv_env_CXX_set=
ac_cv_env_CXX_value=
ac_cv_env_LDFLAGS_set=
ac_cv_env_LDFLAGS_value=
ac_cv_env_LIBS_set=
ac_cv_env_LIBS_value=
ac_cv_env_PKG_CONFIG_LIBDIR_set=
ac_cv_env_PKG_CONFIG_LIBDIR_value=
ac_cv_env_PKG_CONFIG_PATH_set=
ac_cv_env_PKG_CONFIG_PATH_value=
ac_cv_env_PKG_CONFIG_set=
ac_cv_env_PKG_CONFIG_value=
ac_cv_env_build_alias_set=
ac_cv_env_build_alias_value=
ac_cv_env_host_alias_set=
ac_cv_env_host_alias_value=
ac_cv_env_target_alias_set=
ac_cv_env_target_alias_value=
ac_cv_have_decl_be16toh=yes
ac_cv_have_decl_be32toh=yes
ac_cv_have_decl_be64toh=yes
ac_cv_have_decl_bswap_16=yes
ac_cv_have_decl_bswap_32=yes
ac_cv_have_decl_bswap_64=yes
ac_cv_have_decl_daemon=yes
ac_cv_have_decl_htobe16=yes
ac_cv_have_decl_htobe32=yes
ac_cv_have_decl_htobe64=yes
ac_cv_have_decl_htole16=yes
ac_cv_have_decl_htole32=yes
ac_cv_have_decl_htole64=yes
ac_cv_have_decl_le16toh=yes
ac_cv_have_decl_le32toh=yes
ac_cv_have_decl_le64toh=yes
ac_cv_header_atomic=yes
ac_cv_header_byteswap_h=yes
ac_cv_header_chrono=yes
ac_cv_header_endian_h=yes
ac_cv_header_errno_h=yes
ac_cv_header_fstream=yes
ac_cv_header_inttypes_h=yes
ac_cv_header_iostream=yes
ac_cv_header_limits=yes
ac_cv_header_map=yes
ac_cv_header_memory_h=yes
ac_cv_header_mutex=yes
ac_cv_header_netinet_in_h=yes
ac_cv_header_queue=yes
ac_cv_header_stdc=yes
ac_cv_header_stdint_h=yes
ac_cv_header_stdio_h=yes
ac_cv_header_stdlib_h=yes
ac_cv_header_string=yes
ac_cv_header_string_h=yes
ac_cv_header_strings_h=yes
ac_cv_header_sys_endian_h=no
ac_cv_header_sys_prctl_h=yes
ac_cv_header_sys_select_h=yes
ac_cv_header_sys_socket_h=yes
ac_cv_header_sys_stat_h=yes
ac_cv_header_sys_types_h=yes
ac_cv_header_thread=yes
ac_cv_header_time_h=yes
ac_cv_header_unistd_h=yes
ac_cv_header_vector=yes
ac_cv_host=x86_64-pc-linux-gnu
ac_cv_lib_boost_chrono_mt___exit=yes
ac_cv_lib_boost_date_time_mt___exit=yes
ac_cv_lib_boost_filesystem___exit=yes
ac_cv_lib_boost_iostreams_mt___exit=yes
ac_cv_lib_boost_locale_mt___exit=yes
ac_cv_lib_boost_regex_mt___exit=yes
ac_cv_lib_boost_signals_mt___exit=yes
ac_cv_lib_boost_system___exit=yes
ac_cv_lib_boost_thread___exit=yes
ac_cv_objext=o
ac_cv_path_EGREP='/usr/bin/grep -E'
ac_cv_path_GREP=/usr/bin/grep
ac_cv_path_SED=/usr/bin/sed
ac_cv_path_ac_pt_PKG_CONFIG=/usr/bin/pkg-config
ac_cv_path_install='/usr/bin/install -c'
ac_cv_path_mkdir=/usr/bin/mkdir
ac_cv_prog_AWK=gawk
ac_cv_prog_CPP='gcc -E'
ac_cv_prog_CXXCPP='g++ -E'
ac_cv_prog_ac_ct_CC=gcc
ac_cv_prog_ac_ct_CXX=g++
ac_cv_prog_cc_c89=
ac_cv_prog_cc_g=yes
ac_cv_prog_cxx_g=yes
ac_cv_prog_make_make_set=yes
ac_cv_type_size_t=yes
am_cv_CC_dependencies_compiler_type=gcc3
am_cv_CXX_dependencies_compiler_type=gcc3
am_cv_make_support_nested_variables=yes
ax_cv_PTHREAD_CLANG=no
ax_cv_PTHREAD_JOINABLE_ATTR=PTHREAD_CREATE_JOINABLE
ax_cv_PTHREAD_PRIO_INHERIT=yes
ax_cv_PTHREAD_SPECIAL_FLAGS=no
ax_cv_boost_chrono=yes
ax_cv_boost_date_time=yes
ax_cv_boost_filesystem=yes
ax_cv_boost_iostreams=yes
ax_cv_boost_locale=yes
ax_cv_boost_regex=yes
ax_cv_boost_signals=yes
ax_cv_boost_system=yes
ax_cv_boost_thread=yes
ax_cv_cxx_compile_cxx11=yes

## ----------------- ##
## Output variables. ##
## ----------------- ##

ACLOCAL='${SHELL} /data/node/metachain/missing aclocal-1.13'
AMDEPBACKSLASH='\'
AMDEP_FALSE='#'
AMDEP_TRUE=''
AMTAR='$${TAR-tar}'
AM_BACKSLASH='\'
AM_DEFAULT_V='$(AM_DEFAULT_VERBOSITY)'
AM_DEFAULT_VERBOSITY='1'
AM_V='$(V)'
AUTOCONF='${SHELL} /data/node/metachain/missing autoconf'
AUTOHEADER='${SHELL} /data/node/metachain/missing autoheader'
AUTOMAKE='${SHELL} /data/node/metachain/missing automake-1.13'
AWK='gawk'
BOOST_CHRONO_LIB='-lboost_chrono-mt'
BOOST_CPPFLAGS='-pthread -I/usr/include'
BOOST_DATE_TIME_LIB='-lboost_date_time-mt'
BOOST_FILESYSTEM_LIB='-lboost_filesystem'
BOOST_IOSTREAMS_LIB='-lboost_iostreams-mt'
BOOST_LDFLAGS='-L/usr/lib64'
BOOST_LOCALE_LIB='-lboost_locale-mt'
BOOST_REGEX_LIB='-lboost_regex-mt'
BOOST_SIGNALS_LIB='-lboost_signals-mt'
BOOST_SYSTEM_LIB='-lboost_system'
BOOST_THREAD_LIB='-lboost_thread -lpthread'
CC='gcc'
CCDEPMODE='depmode=gcc3'
CFLAGS='-g -O2'
CPP='gcc -E'
CPPFLAGS=' -D_LINUX -D_DEBUG'
CXX='g++'
CXXCPP='g++ -E'
CXXDEPMODE='depmode=gcc3'
CXXFLAGS='-g -O2 -g3 -O0'
CYGPATH_W='echo'
DEFS='-DPACKAGE_NAME=\"metachain\" -DPACKAGE_TARNAME=\"metachain\" -DPACKAGE_VERSION=\"1\" -DPACKAGE_STRING=\"metachain\ 1\" -DPACKAGE_BUGREPORT=\"office@trustchaintechnologies.io\" -DPACKAGE_URL=\"\" -DPACKAGE=\"metachain\" -DVERSION=\"1\" -DHAVE_CXX11=1 -DSTDC_HEADERS=1 -DHAVE_SYS_TYPES_H=1 -DHAVE_SYS_STAT_H=1 -DHAVE_STDLIB_H=1 -DHAVE_STRING_H=1 -DHAVE_MEMORY_H=1 -DHAVE_STRINGS_H=1 -DHAVE_INTTYPES_H=1 -DHAVE_STDINT_H=1 -DHAVE_UNISTD_H=1 -DHAVE_SYS_SOCKET_H=1 -DHAVE_NETINET_IN_H=1 -DHAVE_STRING=1 -DHAVE_IOSTREAM=1 -DHAVE_TIME_H=1 -DHAVE_FSTREAM=1 -DHAVE_VECTOR=1 -DHAVE_MAP=1 -DHAVE_STDINT_H=1 -DHAVE_LIMITS=1 -DHAVE_ERRNO_H=1 -DHAVE_ATOMIC=1 -DHAVE_CHRONO=1 -DHAVE_MUTEX=1 -DHAVE_THREAD=1 -DHAVE_QUEUE=1 -DHAVE_ENDIAN_H=1 -DHAVE_BYTESWAP_H=1 -DHAVE_STDIO_H=1 -DHAVE_STDLIB_H=1 -DHAVE_UNISTD_H=1 -DHAVE_STRINGS_H=1 -DHAVE_SYS_TYPES_H=1 -DHAVE_SYS_STAT_H=1 -DHAVE_SYS_SELECT_H=1 -DHAVE_SYS_PRCTL_H=1 -DHAVE_PTHREAD_PRIO_INHERIT=1 -DHAVE_PTHREAD=1 -DHAVE_DECL_LE16TOH=1 -DHAVE_DECL_LE32TOH=1 -DHAVE_DECL_LE64TOH=1 -DHAVE_DECL_HTOLE16=1 -DHAVE_DECL_HTOLE32=1 -DHAVE_DECL_HTOLE64=1 -DHAVE_DECL_BE16TOH=1 -DHAVE_DECL_BE32TOH=1 -DHAVE_DECL_BE64TOH=1 -DHAVE_DECL_HTOBE16=1 -DHAVE_DECL_HTOBE32=1 -DHAVE_DECL_HTOBE64=1 -DHAVE_DECL_BSWAP_16=1 -DHAVE_DECL_BSWAP_32=1 -DHAVE_DECL_BSWAP_64=1 -DHAVE_DECL_DAEMON=1 -DHAVE_MSG_NOSIGNAL=1 -DHAVE_MSG_DONTWAIT=1 -DHAVE_MALLOC_INFO=1 -DHAVE_BOOST=/\*\*/ -DHAVE_BOOST_CHRONO=/\*\*/ -DHAVE_BOOST_DATE_TIME=/\*\*/ -DHAVE_BOOST_IOSTREAMS=/\*\*/ -DHAVE_BOOST_LOCALE=/\*\*/ -DHAVE_BOOST_REGEX=/\*\*/ -DHAVE_BOOST_SIGNALS=/\*\*/ -DHAVE_BOOST_THREAD=/\*\*/ -DHAVE_BOOST_SYSTEM=/\*\*/ -DHAVE_BOOST_FILESYSTEM=/\*\*/'
DEPDIR='.deps'
ECHO_C=''
ECHO_N='-n'
ECHO_T=''
EGREP='/usr/bin/grep -E'
EXEEXT=''
GREP='/usr/bin/grep'
HAVE_CXX11='1'
INSTALL_DATA='${INSTALL} -m 644'
INSTALL_PROGRAM='${INSTALL}'
INSTALL_SCRIPT='${INSTALL}'
INSTALL_STRIP_PROGRAM='$(install_sh) -c -s'
LDFLAGS=''
LIBOBJS=''
LIBS=''
LTLIBOBJS=''
MAKEINFO='${SHELL} /data/node/metachain/missing makeinfo'
MKDIR_P='/usr/bin/mkdir -p'
OBJEXT='o'
PACKAGE='metachain'
PACKAGE_BUGREPORT='office@trustchaintechnologies.io'
PACKAGE_NAME='metachain'
PACKAGE_STRING='metachain 1'
PACKAGE_TARNAME='metachain'
PACKAGE_URL=''
PACKAGE_VERSION='1'
PATH_SEPARATOR=':'
PKG_CONFIG='/usr/bin/pkg-config'
PKG_CONFIG_LIBDIR=''
PKG_CONFIG_PATH=''
PTHREAD_CC='gcc'
PTHREAD_CFLAGS='-pthread'
PTHREAD_LIBS=''
SED='/usr/bin/sed'
SET_MAKE=''
SHELL='/bin/sh'
STRIP=''
VERSION='1'
ac_ct_CC='gcc'
ac_ct_CXX='g++'
am__EXEEXT_FALSE=''
am__EXEEXT_TRUE='#'
am__fastdepCC_FALSE='#'
am__fastdepCC_TRUE=''
am__fastdepCXX_FALSE='#'
am__fastdepCXX_TRUE=''
am__include='include'
am__isrc=''
am__leading_dot='.'
am__nodep='_no'
am__quote=''
am__tar='$${TAR-tar} chof - "$$tardir"'
am__untar='$${TAR-tar} xf -'
ax_pthread_config=''
bindir='${exec_prefix}/bin'
build='x86_64-pc-linux-gnu'
build_alias=''
build_cpu='x86_64'
build_os='linux-gnu'
build_vendor='pc'
datadir='${datarootdir}'
datarootdir='${prefix}/share'
docdir='${datarootdir}/doc/${PACKAGE_TARNAME}'
dvidir='${docdir}'
exec_prefix='${prefix}'
host='x86_64-pc-linux-gnu'
host_alias=''
host_cpu='x86_64'
host_os='linux-gnu'
host_vendor='pc'
htmldir='${docdir}'
includedir='${prefix}/include'
infodir='${datarootdir}/info'
install_sh='${SHELL} /data/node/metachain/install-sh'
libdir='${exec_prefix}/lib'
libexecdir='${exec_prefix}/libexec'
localedir='${datarootdir}/locale'
localstatedir='${prefix}/var'
mandir='${datarootdir}/man'
mkdir_p='$(MKDIR_P)'
oldincludedir='/usr/include'
pdfdir='${docdir}'
prefix='/usr/local'
program_transform_name='s,x,x,'
psdir='${docdir}'
sbindir='${exec_prefix}/sbin'
sharedstatedir='${prefix}/com'
sysconfdir='${prefix}/etc'
target_alias=''

## ----------- ##
## confdefs.h. ##
## ----------- ##

/* confdefs.h */
#define PACKAGE_NAME "metachain"
#define PACKAGE_TARNAME "metachain"
#define PACKAGE_VERSION "1"
#define PACKAGE_STRING "metachain 1"
#define PACKAGE_BUGREPORT "office@trustchaintechnologies.io"
#define PACKAGE_URL ""
#define PACKAGE "metachain"
#define VERSION "1"
#define HAVE_CXX11 1
#define STDC_HEADERS 1
#define HAVE_SYS_TYPES_H 1
#define HAVE_SYS_STAT_H 1
#define HAVE_STDLIB_H 1
#define HAVE_STRING_H 1
#define HAVE_MEMORY_H 1
#define HAVE_STRINGS_H 1
#define HAVE_INTTYPES_H 1
#define HAVE_STDINT_H 1
#define HAVE_UNISTD_H 1
#define HAVE_SYS_SOCKET_H 1
#define HAVE_NETINET_IN_H 1
#define HAVE_STRING 1
#define HAVE_IOSTREAM 1
#define HAVE_TIME_H 1
#define HAVE_FSTREAM 1
#define HAVE_VECTOR 1
#define HAVE_MAP 1
#define HAVE_STDINT_H 1
#define HAVE_LIMITS 1
#define HAVE_ERRNO_H 1
#define HAVE_ATOMIC 1
#define HAVE_CHRONO 1
#define HAVE_MUTEX 1
#define HAVE_THREAD 1
#define HAVE_QUEUE 1
#define HAVE_ENDIAN_H 1
#define HAVE_BYTESWAP_H 1
#define HAVE_STDIO_H 1
#define HAVE_STDLIB_H 1
#define HAVE_UNISTD_H 1
#define HAVE_STRINGS_H 1
#define HAVE_SYS_TYPES_H 1
#define HAVE_SYS_STAT_H 1
#define HAVE_SYS_SELECT_H 1
#define HAVE_SYS_PRCTL_H 1
#define HAVE_PTHREAD_PRIO_INHERIT 1
#define HAVE_PTHREAD 1
#define HAVE_DECL_LE16TOH 1
#define HAVE_DECL_LE32TOH 1
#define HAVE_DECL_LE64TOH 1
#define HAVE_DECL_HTOLE16 1
#define HAVE_DECL_HTOLE32 1
#define HAVE_DECL_HTOLE64 1
#define HAVE_DECL_BE16TOH 1
#define HAVE_DECL_BE32TOH 1
#define HAVE_DECL_BE64TOH 1
#define HAVE_DECL_HTOBE16 1
#define HAVE_DECL_HTOBE32 1
#define HAVE_DECL_HTOBE64 1
#define HAVE_DECL_BSWAP_16 1
#define HAVE_DECL_BSWAP_32 1
#define HAVE_DECL_BSWAP_64 1
#define HAVE_DECL_DAEMON 1
#define HAVE_MSG_NOSIGNAL 1
#define HAVE_MSG_DONTWAIT 1
#define HAVE_MALLOC_INFO 1
#define HAVE_BOOST /**/
#define HAVE_BOOST_CHRONO /**/
#define HAVE_BOOST_DATE_TIME /**/
#define HAVE_BOOST_IOSTREAMS /**/
#define HAVE_BOOST_LOCALE /**/
#define HAVE_BOOST_REGEX /**/
#define HAVE_BOOST_SIGNALS /**/
#define HAVE_BOOST_THREAD /**/
#define HAVE_BOOST_SYSTEM /**/
#define HAVE_BOOST_FILESYSTEM /**/

configure: exit 0
